2020-08-25 10:51:46.933  INFO 14016 --- [main] com.cwh.RedisClientTest                  : No active profile set, falling back to default profiles: default
2020-08-25 10:51:49.839  INFO 14016 --- [main] .s.d.r.c.RepositoryConfigurationDelegate : Multiple Spring Data modules found, entering strict repository configuration mode!
2020-08-25 10:51:49.849  INFO 14016 --- [main] .s.d.r.c.RepositoryConfigurationDelegate : Bootstrapping Spring Data Redis repositories in DEFAULT mode.
2020-08-25 10:51:49.967  INFO 14016 --- [main] .s.d.r.c.RepositoryConfigurationDelegate : Finished Spring Data repository scanning in 67ms. Found 0 Redis repository interfaces.
2020-08-25 10:51:50.267  WARN 14016 --- [main] o.s.boot.actuate.endpoint.EndpointId     : Endpoint ID 'service-registry' contains invalid characters, please migrate to a valid format.
2020-08-25 10:51:50.557  WARN 14016 --- [main] o.m.s.mapper.ClassPathMapperScanner      : Skipping MapperFactoryBean with name 'brandMapper' and 'com.cwh.mapper.BrandMapper' mapperInterface. Bean already defined with the same name!
2020-08-25 10:51:50.557  WARN 14016 --- [main] o.m.s.mapper.ClassPathMapperScanner      : Skipping MapperFactoryBean with name 'categoryBrandMapper' and 'com.cwh.mapper.CategoryBrandMapper' mapperInterface. Bean already defined with the same name!
2020-08-25 10:51:50.558  WARN 14016 --- [main] o.m.s.mapper.ClassPathMapperScanner      : Skipping MapperFactoryBean with name 'categoryMapper' and 'com.cwh.mapper.CategoryMapper' mapperInterface. Bean already defined with the same name!
2020-08-25 10:51:50.558  WARN 14016 --- [main] o.m.s.mapper.ClassPathMapperScanner      : Skipping MapperFactoryBean with name 'categoryMapperTK' and 'com.cwh.mapper.CategoryMapperTK' mapperInterface. Bean already defined with the same name!
2020-08-25 10:51:50.558  WARN 14016 --- [main] o.m.s.mapper.ClassPathMapperScanner      : Skipping MapperFactoryBean with name 'skuMapper' and 'com.cwh.mapper.SkuMapper' mapperInterface. Bean already defined with the same name!
2020-08-25 10:51:50.559  WARN 14016 --- [main] o.m.s.mapper.ClassPathMapperScanner      : Skipping MapperFactoryBean with name 'specGroupMapper' and 'com.cwh.mapper.SpecGroupMapper' mapperInterface. Bean already defined with the same name!
2020-08-25 10:51:50.560  WARN 14016 --- [main] o.m.s.mapper.ClassPathMapperScanner      : Skipping MapperFactoryBean with name 'specParamMapper' and 'com.cwh.mapper.SpecParamMapper' mapperInterface. Bean already defined with the same name!
2020-08-25 10:51:50.561  WARN 14016 --- [main] o.m.s.mapper.ClassPathMapperScanner      : Skipping MapperFactoryBean with name 'specParamsMapper' and 'com.cwh.mapper.SpecParamsMapper' mapperInterface. Bean already defined with the same name!
2020-08-25 10:51:50.564  WARN 14016 --- [main] o.m.s.mapper.ClassPathMapperScanner      : Skipping MapperFactoryBean with name 'specificationMapper' and 'com.cwh.mapper.SpecificationMapper' mapperInterface. Bean already defined with the same name!
2020-08-25 10:51:50.571  WARN 14016 --- [main] o.m.s.mapper.ClassPathMapperScanner      : Skipping MapperFactoryBean with name 'spuDetailMapper' and 'com.cwh.mapper.SpuDetailMapper' mapperInterface. Bean already defined with the same name!
2020-08-25 10:51:50.573  WARN 14016 --- [main] o.m.s.mapper.ClassPathMapperScanner      : Skipping MapperFactoryBean with name 'spuMapper' and 'com.cwh.mapper.SpuMapper' mapperInterface. Bean already defined with the same name!
2020-08-25 10:51:50.573  WARN 14016 --- [main] o.m.s.mapper.ClassPathMapperScanner      : Skipping MapperFactoryBean with name 'stockMapper' and 'com.cwh.mapper.StockMapper' mapperInterface. Bean already defined with the same name!
2020-08-25 10:51:50.574  WARN 14016 --- [main] o.m.s.mapper.ClassPathMapperScanner      : No MyBatis mapper was found in '[com.cwh]' package. Please check your configuration.
2020-08-25 10:51:50.976  INFO 14016 --- [main] o.s.cloud.context.scope.GenericScope     : BeanFactory id=cb762639-c4c3-34d7-b6be-276cc69ccf46
2020-08-25 10:51:51.940  INFO 14016 --- [main] trationDelegate$BeanPostProcessorChecker : Bean 'org.springframework.transaction.annotation.ProxyTransactionManagementConfiguration' of type [org.springframework.transaction.annotation.ProxyTransactionManagementConfiguration] is not eligible for getting processed by all BeanPostProcessors (for example: not eligible for auto-proxying)
2020-08-25 10:51:52.967  INFO 14016 --- [main] c.a.d.s.b.a.DruidDataSourceAutoConfigure : Init DruidDataSource
2020-08-25 10:51:54.775  INFO 14016 --- [main] com.alibaba.druid.pool.DruidDataSource   : {dataSource-1} inited
2020-08-25 10:51:55.597  WARN 14016 --- [main] c.n.c.sources.URLConfigurationSource     : No URLs will be polled as dynamic configuration sources.
2020-08-25 10:51:55.597  INFO 14016 --- [main] c.n.c.sources.URLConfigurationSource     : To enable URLs as dynamic configuration sources, define System property archaius.configurationSource.additionalUrls or make config.properties available on classpath.
2020-08-25 10:51:55.686  INFO 14016 --- [main] c.netflix.config.DynamicPropertyFactory  : DynamicPropertyFactory is initialized with configuration sources: com.netflix.config.ConcurrentCompositeConfiguration@ca2cd5e
2020-08-25 10:52:02.082  INFO 14016 --- [main] o.s.b.a.e.web.EndpointLinksResolver      : Exposing 2 endpoint(s) beneath base path '/actuator'
2020-08-25 10:52:02.779  INFO 14016 --- [main] pertySourcedRequestMappingHandlerMapping : Mapped URL path [/v2/api-docs] onto method [springfox.documentation.swagger2.web.Swagger2Controller#getDocumentation(String, HttpServletRequest)]
2020-08-25 10:52:04.292  WARN 14016 --- [main] c.n.c.sources.URLConfigurationSource     : No URLs will be polled as dynamic configuration sources.
2020-08-25 10:52:04.293  INFO 14016 --- [main] c.n.c.sources.URLConfigurationSource     : To enable URLs as dynamic configuration sources, define System property archaius.configurationSource.additionalUrls or make config.properties available on classpath.
2020-08-25 10:52:04.641  INFO 14016 --- [main] t.m.m.autoconfigure.MapperCacheDisabler  : Clear tk.mybatis.mapper.util.MsUtil CLASS_CACHE cache.
2020-08-25 10:52:04.642  INFO 14016 --- [main] t.m.m.autoconfigure.MapperCacheDisabler  : Clear tk.mybatis.mapper.genid.GenIdUtil CACHE cache.
2020-08-25 10:52:04.643  INFO 14016 --- [main] t.m.m.autoconfigure.MapperCacheDisabler  : Clear tk.mybatis.mapper.version.VersionUtil CACHE cache.
2020-08-25 10:52:04.644  INFO 14016 --- [main] t.m.m.autoconfigure.MapperCacheDisabler  : Clear EntityHelper entityTableMap cache.
2020-08-25 10:52:07.041  WARN 14016 --- [main] ockingLoadBalancerClientRibbonWarnLogger : You already have RibbonLoadBalancerClient on your classpath. It will be used by default. As Spring Cloud Ribbon is in maintenance mode. We recommend switching to BlockingLoadBalancerClient instead. In order to use it, set the value of `spring.cloud.loadbalancer.ribbon.enabled` to `false` or remove spring-cloud-starter-netflix-ribbon from your project.
2020-08-25 10:52:07.578  INFO 14016 --- [main] d.s.w.p.DocumentationPluginsBootstrapper : Context refreshed
2020-08-25 10:52:07.735  INFO 14016 --- [main] d.s.w.p.DocumentationPluginsBootstrapper : Found 1 custom documentation plugin(s)
2020-08-25 10:52:07.905  INFO 14016 --- [main] s.d.s.w.s.ApiListingReferenceScanner     : Scanning for api listing references
2020-08-25 10:52:08.820  INFO 14016 --- [main] com.cwh.RedisClientTest                  : Started RedisClientTest in 24.465 seconds (JVM running for 30.181)
2020-08-25 10:52:18.657  INFO 14016 --- [SpringContextShutdownHook] o.s.c.n.eureka.InstanceInfoFactory       : Setting initial instance status as: STARTING
2020-08-25 10:52:18.667  INFO 14016 --- [SpringContextShutdownHook] o.s.c.n.e.s.EurekaServiceRegistry        : Unregistering application ITEM-SERVICE with eureka with status DOWN
2020-08-25 10:52:18.714  INFO 14016 --- [SpringContextShutdownHook] o.s.j.e.a.AnnotationMBeanExporter        : Could not unregister MBean [com.github.tobato.fastdfs.domain.conn:name=fdfsConnectionPool,type=FdfsConnectionPool] as said MBean is not registered (perhaps already unregistered by an external process)
2020-08-25 10:52:18.760  INFO 14016 --- [SpringContextShutdownHook] com.alibaba.druid.pool.DruidDataSource   : {dataSource-1} closing ...
2020-08-25 10:52:18.773  INFO 14016 --- [SpringContextShutdownHook] com.alibaba.druid.pool.DruidDataSource   : {dataSource-1} closed
2020-08-25 10:58:56.976  INFO 1872 --- [main] com.cwh.RedisClientTest                  : No active profile set, falling back to default profiles: default
2020-08-25 10:59:00.538  INFO 1872 --- [main] .s.d.r.c.RepositoryConfigurationDelegate : Multiple Spring Data modules found, entering strict repository configuration mode!
2020-08-25 10:59:00.554  INFO 1872 --- [main] .s.d.r.c.RepositoryConfigurationDelegate : Bootstrapping Spring Data Redis repositories in DEFAULT mode.
2020-08-25 10:59:00.674  INFO 1872 --- [main] .s.d.r.c.RepositoryConfigurationDelegate : Finished Spring Data repository scanning in 72ms. Found 0 Redis repository interfaces.
2020-08-25 10:59:01.054  WARN 1872 --- [main] o.s.boot.actuate.endpoint.EndpointId     : Endpoint ID 'service-registry' contains invalid characters, please migrate to a valid format.
2020-08-25 10:59:01.346  WARN 1872 --- [main] o.m.s.mapper.ClassPathMapperScanner      : Skipping MapperFactoryBean with name 'brandMapper' and 'com.cwh.mapper.BrandMapper' mapperInterface. Bean already defined with the same name!
2020-08-25 10:59:01.352  WARN 1872 --- [main] o.m.s.mapper.ClassPathMapperScanner      : Skipping MapperFactoryBean with name 'categoryBrandMapper' and 'com.cwh.mapper.CategoryBrandMapper' mapperInterface. Bean already defined with the same name!
2020-08-25 10:59:01.352  WARN 1872 --- [main] o.m.s.mapper.ClassPathMapperScanner      : Skipping MapperFactoryBean with name 'categoryMapper' and 'com.cwh.mapper.CategoryMapper' mapperInterface. Bean already defined with the same name!
2020-08-25 10:59:01.352  WARN 1872 --- [main] o.m.s.mapper.ClassPathMapperScanner      : Skipping MapperFactoryBean with name 'categoryMapperTK' and 'com.cwh.mapper.CategoryMapperTK' mapperInterface. Bean already defined with the same name!
2020-08-25 10:59:01.352  WARN 1872 --- [main] o.m.s.mapper.ClassPathMapperScanner      : Skipping MapperFactoryBean with name 'skuMapper' and 'com.cwh.mapper.SkuMapper' mapperInterface. Bean already defined with the same name!
2020-08-25 10:59:01.353  WARN 1872 --- [main] o.m.s.mapper.ClassPathMapperScanner      : Skipping MapperFactoryBean with name 'specGroupMapper' and 'com.cwh.mapper.SpecGroupMapper' mapperInterface. Bean already defined with the same name!
2020-08-25 10:59:01.353  WARN 1872 --- [main] o.m.s.mapper.ClassPathMapperScanner      : Skipping MapperFactoryBean with name 'specParamMapper' and 'com.cwh.mapper.SpecParamMapper' mapperInterface. Bean already defined with the same name!
2020-08-25 10:59:01.353  WARN 1872 --- [main] o.m.s.mapper.ClassPathMapperScanner      : Skipping MapperFactoryBean with name 'specParamsMapper' and 'com.cwh.mapper.SpecParamsMapper' mapperInterface. Bean already defined with the same name!
2020-08-25 10:59:01.361  WARN 1872 --- [main] o.m.s.mapper.ClassPathMapperScanner      : Skipping MapperFactoryBean with name 'specificationMapper' and 'com.cwh.mapper.SpecificationMapper' mapperInterface. Bean already defined with the same name!
2020-08-25 10:59:01.361  WARN 1872 --- [main] o.m.s.mapper.ClassPathMapperScanner      : Skipping MapperFactoryBean with name 'spuDetailMapper' and 'com.cwh.mapper.SpuDetailMapper' mapperInterface. Bean already defined with the same name!
2020-08-25 10:59:01.362  WARN 1872 --- [main] o.m.s.mapper.ClassPathMapperScanner      : Skipping MapperFactoryBean with name 'spuMapper' and 'com.cwh.mapper.SpuMapper' mapperInterface. Bean already defined with the same name!
2020-08-25 10:59:01.362  WARN 1872 --- [main] o.m.s.mapper.ClassPathMapperScanner      : Skipping MapperFactoryBean with name 'stockMapper' and 'com.cwh.mapper.StockMapper' mapperInterface. Bean already defined with the same name!
2020-08-25 10:59:01.366  WARN 1872 --- [main] o.m.s.mapper.ClassPathMapperScanner      : No MyBatis mapper was found in '[com.cwh]' package. Please check your configuration.
2020-08-25 10:59:01.845  INFO 1872 --- [main] o.s.cloud.context.scope.GenericScope     : BeanFactory id=cb762639-c4c3-34d7-b6be-276cc69ccf46
2020-08-25 10:59:02.993  INFO 1872 --- [main] trationDelegate$BeanPostProcessorChecker : Bean 'org.springframework.transaction.annotation.ProxyTransactionManagementConfiguration' of type [org.springframework.transaction.annotation.ProxyTransactionManagementConfiguration] is not eligible for getting processed by all BeanPostProcessors (for example: not eligible for auto-proxying)
2020-08-25 10:59:04.295  INFO 1872 --- [main] c.a.d.s.b.a.DruidDataSourceAutoConfigure : Init DruidDataSource
2020-08-25 10:59:06.094  INFO 1872 --- [main] com.alibaba.druid.pool.DruidDataSource   : {dataSource-1} inited
2020-08-25 10:59:07.087  WARN 1872 --- [main] c.n.c.sources.URLConfigurationSource     : No URLs will be polled as dynamic configuration sources.
2020-08-25 10:59:07.088  INFO 1872 --- [main] c.n.c.sources.URLConfigurationSource     : To enable URLs as dynamic configuration sources, define System property archaius.configurationSource.additionalUrls or make config.properties available on classpath.
2020-08-25 10:59:07.132  INFO 1872 --- [main] c.netflix.config.DynamicPropertyFactory  : DynamicPropertyFactory is initialized with configuration sources: com.netflix.config.ConcurrentCompositeConfiguration@35329a05
2020-08-25 10:59:14.863  INFO 1872 --- [main] o.s.b.a.e.web.EndpointLinksResolver      : Exposing 2 endpoint(s) beneath base path '/actuator'
2020-08-25 10:59:15.586  INFO 1872 --- [main] com.cwh.config.BloomFilterConfiguration  : redis 连接 初始化
2020-08-25 10:59:15.854  INFO 1872 --- [main] pertySourcedRequestMappingHandlerMapping : Mapped URL path [/v2/api-docs] onto method [springfox.documentation.swagger2.web.Swagger2Controller#getDocumentation(String, HttpServletRequest)]
2020-08-25 10:59:17.589  WARN 1872 --- [main] c.n.c.sources.URLConfigurationSource     : No URLs will be polled as dynamic configuration sources.
2020-08-25 10:59:17.589  INFO 1872 --- [main] c.n.c.sources.URLConfigurationSource     : To enable URLs as dynamic configuration sources, define System property archaius.configurationSource.additionalUrls or make config.properties available on classpath.
2020-08-25 10:59:17.853  INFO 1872 --- [main] t.m.m.autoconfigure.MapperCacheDisabler  : Clear tk.mybatis.mapper.util.MsUtil CLASS_CACHE cache.
2020-08-25 10:59:17.855  INFO 1872 --- [main] t.m.m.autoconfigure.MapperCacheDisabler  : Clear tk.mybatis.mapper.genid.GenIdUtil CACHE cache.
2020-08-25 10:59:17.858  INFO 1872 --- [main] t.m.m.autoconfigure.MapperCacheDisabler  : Clear tk.mybatis.mapper.version.VersionUtil CACHE cache.
2020-08-25 10:59:17.859  INFO 1872 --- [main] t.m.m.autoconfigure.MapperCacheDisabler  : Clear EntityHelper entityTableMap cache.
2020-08-25 10:59:20.470  WARN 1872 --- [main] ockingLoadBalancerClientRibbonWarnLogger : You already have RibbonLoadBalancerClient on your classpath. It will be used by default. As Spring Cloud Ribbon is in maintenance mode. We recommend switching to BlockingLoadBalancerClient instead. In order to use it, set the value of `spring.cloud.loadbalancer.ribbon.enabled` to `false` or remove spring-cloud-starter-netflix-ribbon from your project.
2020-08-25 10:59:21.056  INFO 1872 --- [main] d.s.w.p.DocumentationPluginsBootstrapper : Context refreshed
2020-08-25 10:59:21.111  INFO 1872 --- [main] d.s.w.p.DocumentationPluginsBootstrapper : Found 1 custom documentation plugin(s)
2020-08-25 10:59:21.328  INFO 1872 --- [main] s.d.s.w.s.ApiListingReferenceScanner     : Scanning for api listing references
2020-08-25 10:59:22.339  INFO 1872 --- [main] com.cwh.RedisClientTest                  : Started RedisClientTest in 28.643 seconds (JVM running for 32.396)
2020-08-25 10:59:31.120  INFO 1872 --- [SpringContextShutdownHook] o.s.c.n.eureka.InstanceInfoFactory       : Setting initial instance status as: STARTING
2020-08-25 10:59:31.126  INFO 1872 --- [SpringContextShutdownHook] o.s.c.n.e.s.EurekaServiceRegistry        : Unregistering application ITEM-SERVICE with eureka with status DOWN
2020-08-25 10:59:31.145  INFO 1872 --- [SpringContextShutdownHook] o.s.j.e.a.AnnotationMBeanExporter        : Could not unregister MBean [com.github.tobato.fastdfs.domain.conn:name=fdfsConnectionPool,type=FdfsConnectionPool] as said MBean is not registered (perhaps already unregistered by an external process)
2020-08-25 10:59:31.188  INFO 1872 --- [SpringContextShutdownHook] com.cwh.config.BloomFilterConfiguration  : redis 连接 销毁
2020-08-25 10:59:31.189  INFO 1872 --- [SpringContextShutdownHook] com.alibaba.druid.pool.DruidDataSource   : {dataSource-1} closing ...
2020-08-25 10:59:31.197  INFO 1872 --- [SpringContextShutdownHook] com.alibaba.druid.pool.DruidDataSource   : {dataSource-1} closed
2020-08-25 11:49:06.671  INFO 28192 --- [main] com.cwh.RedisClientTest                  : No active profile set, falling back to default profiles: default
2020-08-25 11:49:09.634  INFO 28192 --- [main] .s.d.r.c.RepositoryConfigurationDelegate : Multiple Spring Data modules found, entering strict repository configuration mode!
2020-08-25 11:49:09.642  INFO 28192 --- [main] .s.d.r.c.RepositoryConfigurationDelegate : Bootstrapping Spring Data Redis repositories in DEFAULT mode.
2020-08-25 11:49:09.787  INFO 28192 --- [main] .s.d.r.c.RepositoryConfigurationDelegate : Finished Spring Data repository scanning in 116ms. Found 0 Redis repository interfaces.
2020-08-25 11:49:10.087  WARN 28192 --- [main] o.s.boot.actuate.endpoint.EndpointId     : Endpoint ID 'service-registry' contains invalid characters, please migrate to a valid format.
2020-08-25 11:49:10.405  WARN 28192 --- [main] o.m.s.mapper.ClassPathMapperScanner      : Skipping MapperFactoryBean with name 'brandMapper' and 'com.cwh.mapper.BrandMapper' mapperInterface. Bean already defined with the same name!
2020-08-25 11:49:10.407  WARN 28192 --- [main] o.m.s.mapper.ClassPathMapperScanner      : Skipping MapperFactoryBean with name 'categoryBrandMapper' and 'com.cwh.mapper.CategoryBrandMapper' mapperInterface. Bean already defined with the same name!
2020-08-25 11:49:10.418  WARN 28192 --- [main] o.m.s.mapper.ClassPathMapperScanner      : Skipping MapperFactoryBean with name 'categoryMapper' and 'com.cwh.mapper.CategoryMapper' mapperInterface. Bean already defined with the same name!
2020-08-25 11:49:10.419  WARN 28192 --- [main] o.m.s.mapper.ClassPathMapperScanner      : Skipping MapperFactoryBean with name 'categoryMapperTK' and 'com.cwh.mapper.CategoryMapperTK' mapperInterface. Bean already defined with the same name!
2020-08-25 11:49:10.420  WARN 28192 --- [main] o.m.s.mapper.ClassPathMapperScanner      : Skipping MapperFactoryBean with name 'skuMapper' and 'com.cwh.mapper.SkuMapper' mapperInterface. Bean already defined with the same name!
2020-08-25 11:49:10.420  WARN 28192 --- [main] o.m.s.mapper.ClassPathMapperScanner      : Skipping MapperFactoryBean with name 'specGroupMapper' and 'com.cwh.mapper.SpecGroupMapper' mapperInterface. Bean already defined with the same name!
2020-08-25 11:49:10.421  WARN 28192 --- [main] o.m.s.mapper.ClassPathMapperScanner      : Skipping MapperFactoryBean with name 'specParamMapper' and 'com.cwh.mapper.SpecParamMapper' mapperInterface. Bean already defined with the same name!
2020-08-25 11:49:10.421  WARN 28192 --- [main] o.m.s.mapper.ClassPathMapperScanner      : Skipping MapperFactoryBean with name 'specParamsMapper' and 'com.cwh.mapper.SpecParamsMapper' mapperInterface. Bean already defined with the same name!
2020-08-25 11:49:10.426  WARN 28192 --- [main] o.m.s.mapper.ClassPathMapperScanner      : Skipping MapperFactoryBean with name 'specificationMapper' and 'com.cwh.mapper.SpecificationMapper' mapperInterface. Bean already defined with the same name!
2020-08-25 11:49:10.426  WARN 28192 --- [main] o.m.s.mapper.ClassPathMapperScanner      : Skipping MapperFactoryBean with name 'spuDetailMapper' and 'com.cwh.mapper.SpuDetailMapper' mapperInterface. Bean already defined with the same name!
2020-08-25 11:49:10.427  WARN 28192 --- [main] o.m.s.mapper.ClassPathMapperScanner      : Skipping MapperFactoryBean with name 'spuMapper' and 'com.cwh.mapper.SpuMapper' mapperInterface. Bean already defined with the same name!
2020-08-25 11:49:10.428  WARN 28192 --- [main] o.m.s.mapper.ClassPathMapperScanner      : Skipping MapperFactoryBean with name 'stockMapper' and 'com.cwh.mapper.StockMapper' mapperInterface. Bean already defined with the same name!
2020-08-25 11:49:10.429  WARN 28192 --- [main] o.m.s.mapper.ClassPathMapperScanner      : No MyBatis mapper was found in '[com.cwh]' package. Please check your configuration.
2020-08-25 11:49:10.800  INFO 28192 --- [main] o.s.cloud.context.scope.GenericScope     : BeanFactory id=a2a79f8f-acb8-3206-a4e5-996556c045b4
2020-08-25 11:49:11.766  INFO 28192 --- [main] trationDelegate$BeanPostProcessorChecker : Bean 'org.springframework.transaction.annotation.ProxyTransactionManagementConfiguration' of type [org.springframework.transaction.annotation.ProxyTransactionManagementConfiguration] is not eligible for getting processed by all BeanPostProcessors (for example: not eligible for auto-proxying)
2020-08-25 11:49:12.631  INFO 28192 --- [main] c.a.d.s.b.a.DruidDataSourceAutoConfigure : Init DruidDataSource
2020-08-25 11:49:14.348  INFO 28192 --- [main] com.alibaba.druid.pool.DruidDataSource   : {dataSource-1} inited
2020-08-25 11:49:15.167  WARN 28192 --- [main] c.n.c.sources.URLConfigurationSource     : No URLs will be polled as dynamic configuration sources.
2020-08-25 11:49:15.167  INFO 28192 --- [main] c.n.c.sources.URLConfigurationSource     : To enable URLs as dynamic configuration sources, define System property archaius.configurationSource.additionalUrls or make config.properties available on classpath.
2020-08-25 11:49:15.204  INFO 28192 --- [main] c.netflix.config.DynamicPropertyFactory  : DynamicPropertyFactory is initialized with configuration sources: com.netflix.config.ConcurrentCompositeConfiguration@64f3991e
2020-08-25 11:49:23.668  INFO 28192 --- [main] o.s.b.a.e.web.EndpointLinksResolver      : Exposing 2 endpoint(s) beneath base path '/actuator'
2020-08-25 11:49:24.369  INFO 28192 --- [main] com.cwh.config.BloomFilterConfiguration  : redis 连接 初始化
2020-08-25 11:49:24.767  INFO 28192 --- [main] pertySourcedRequestMappingHandlerMapping : Mapped URL path [/v2/api-docs] onto method [springfox.documentation.swagger2.web.Swagger2Controller#getDocumentation(String, HttpServletRequest)]
2020-08-25 11:49:26.879  WARN 28192 --- [main] c.n.c.sources.URLConfigurationSource     : No URLs will be polled as dynamic configuration sources.
2020-08-25 11:49:26.879  INFO 28192 --- [main] c.n.c.sources.URLConfigurationSource     : To enable URLs as dynamic configuration sources, define System property archaius.configurationSource.additionalUrls or make config.properties available on classpath.
2020-08-25 11:49:27.728  INFO 28192 --- [main] t.m.m.autoconfigure.MapperCacheDisabler  : Clear tk.mybatis.mapper.util.MsUtil CLASS_CACHE cache.
2020-08-25 11:49:27.730  INFO 28192 --- [main] t.m.m.autoconfigure.MapperCacheDisabler  : Clear tk.mybatis.mapper.genid.GenIdUtil CACHE cache.
2020-08-25 11:49:27.731  INFO 28192 --- [main] t.m.m.autoconfigure.MapperCacheDisabler  : Clear tk.mybatis.mapper.version.VersionUtil CACHE cache.
2020-08-25 11:49:27.731  INFO 28192 --- [main] t.m.m.autoconfigure.MapperCacheDisabler  : Clear EntityHelper entityTableMap cache.
2020-08-25 11:49:31.108  WARN 28192 --- [main] ockingLoadBalancerClientRibbonWarnLogger : You already have RibbonLoadBalancerClient on your classpath. It will be used by default. As Spring Cloud Ribbon is in maintenance mode. We recommend switching to BlockingLoadBalancerClient instead. In order to use it, set the value of `spring.cloud.loadbalancer.ribbon.enabled` to `false` or remove spring-cloud-starter-netflix-ribbon from your project.
2020-08-25 11:49:31.743  INFO 28192 --- [main] d.s.w.p.DocumentationPluginsBootstrapper : Context refreshed
2020-08-25 11:49:31.822  INFO 28192 --- [main] d.s.w.p.DocumentationPluginsBootstrapper : Found 1 custom documentation plugin(s)
2020-08-25 11:49:32.038  INFO 28192 --- [main] s.d.s.w.s.ApiListingReferenceScanner     : Scanning for api listing references
2020-08-25 11:49:33.340  INFO 28192 --- [main] com.cwh.RedisClientTest                  : Started RedisClientTest in 30.434 seconds (JVM running for 35.729)
2020-08-25 11:49:43.038  INFO 28192 --- [SpringContextShutdownHook] o.s.c.n.eureka.InstanceInfoFactory       : Setting initial instance status as: STARTING
2020-08-25 11:49:43.045  INFO 28192 --- [SpringContextShutdownHook] o.s.c.n.e.s.EurekaServiceRegistry        : Unregistering application ITEM-SERVICE with eureka with status DOWN
2020-08-25 11:49:43.064  INFO 28192 --- [SpringContextShutdownHook] o.s.j.e.a.AnnotationMBeanExporter        : Could not unregister MBean [com.github.tobato.fastdfs.domain.conn:name=fdfsConnectionPool,type=FdfsConnectionPool] as said MBean is not registered (perhaps already unregistered by an external process)
2020-08-25 11:49:43.097  INFO 28192 --- [SpringContextShutdownHook] com.cwh.config.BloomFilterConfiguration  : redis 连接 销毁
2020-08-25 11:49:43.098  INFO 28192 --- [SpringContextShutdownHook] com.alibaba.druid.pool.DruidDataSource   : {dataSource-1} closing ...
2020-08-25 11:49:43.107  INFO 28192 --- [SpringContextShutdownHook] com.alibaba.druid.pool.DruidDataSource   : {dataSource-1} closed
